Saving results to /n/data1/hms/dbmi/farhat/ye12/who/analysis/Clofazimine/tiers=1/phenos=WHO/dropAF_noSyn
Phenotypic categoryies: ['CC' 'CC-ATU' 'ALL' 'WHO']
    5 files with genotypes
Dropped 0 isolates with any intermediate AFs. Remainder are binary
    Up to 9.89% of variants per isolate and 0.32% of isolates per variant have missing data
    Dropped 14/5027 isolates with >1% missingness
    Dropped 0/880 variants with >25% missingness
    Dropped 13 isolates with any remaining missingness
    Kept 5000 isolates and 880 genetic variants
Fitting regression with population structure correction with 5 principal components
Min MAF: 0.01, Max MAF: 0.5
Explained variance ratios of 5 principal components: [0.45943357 0.31348256 0.1964749  0.00993395 0.00777244]
    5000 samples and 885 variables in the model
    Regularization parameter: 0.01

Saving results to /n/data1/hms/dbmi/farhat/ye12/who/analysis/Clofazimine/tiers=1/phenos=WHO/dropAF_withSyn
    5 files with genotypes
Dropped 0 isolates with any intermediate AFs. Remainder are binary
    Up to 10.15% of variants per isolate and 0.32% of isolates per variant have missing data
    Dropped 14/5027 isolates with >1% missingness
    Dropped 0/1202 variants with >25% missingness
    Dropped 13 isolates with any remaining missingness
    Kept 5000 isolates and 1202 genetic variants
Fitting regression with population structure correction with 5 principal components
Min MAF: 0.01, Max MAF: 0.5
Explained variance ratios of 5 principal components: [0.45943357 0.31348256 0.1964749  0.00993395 0.00777244]
    5000 samples and 1207 variables in the model
    Regularization parameter: 0.01

Saving results to /n/data1/hms/dbmi/farhat/ye12/who/analysis/Clofazimine/tiers=1/phenos=WHO/dropAF_noSyn_poolLOF
    5 files with genotypes
Pooling LOF mutations
Dropped 0 isolates with any intermediate AFs. Remainder are binary
    Up to 10.04% of variants per isolate and 0.26% of isolates per variant have missing data
    Dropped 14/5027 isolates with >1% missingness
    Dropped 0/767 variants with >25% missingness
    Dropped 8 isolates with any remaining missingness
    Kept 5005 isolates and 767 genetic variants
Fitting regression with population structure correction with 5 principal components
Min MAF: 0.01, Max MAF: 0.5
Explained variance ratios of 5 principal components: [0.45984346 0.31315007 0.19642943 0.00992188 0.00776309]
    5005 samples and 772 variables in the model
    Regularization parameter: 0.01

Saving results to /n/data1/hms/dbmi/farhat/ye12/who/analysis/Clofazimine/tiers=1/phenos=WHO/dropAF_withSyn_poolLOF
    5 files with genotypes
Pooling LOF mutations
Dropped 0 isolates with any intermediate AFs. Remainder are binary
    Up to 10.28% of variants per isolate and 0.26% of isolates per variant have missing data
    Dropped 14/5027 isolates with >1% missingness
    Dropped 0/1089 variants with >25% missingness
    Dropped 8 isolates with any remaining missingness
    Kept 5005 isolates and 1089 genetic variants
Fitting regression with population structure correction with 5 principal components
Min MAF: 0.01, Max MAF: 0.5
Explained variance ratios of 5 principal components: [0.45984346 0.31315007 0.19642943 0.00992188 0.00776309]
    5005 samples and 1094 variables in the model
    Regularization parameter: 0.01

Saving results to /n/data1/hms/dbmi/farhat/ye12/who/analysis/Clofazimine/tiers=1+2/phenos=WHO/dropAF_noSyn
    9 files with genotypes
Dropped 0 isolates with any intermediate AFs. Remainder are binary
    Up to 5.89% of variants per isolate and 1.17% of isolates per variant have missing data
    Dropped 14/5027 isolates with >1% missingness
    Dropped 0/1476 variants with >25% missingness
    Dropped 74 isolates with any remaining missingness
    Kept 4939 isolates and 1476 genetic variants
Fitting regression with population structure correction with 5 principal components
Min MAF: 0.01, Max MAF: 0.5
Explained variance ratios of 5 principal components: [0.46056341 0.31398434 0.19563682 0.00944322 0.0075281 ]
    4939 samples and 1481 variables in the model
    Regularization parameter: 0.01

Saving results to /n/data1/hms/dbmi/farhat/ye12/who/analysis/Clofazimine/tiers=1+2/phenos=WHO/dropAF_withSyn
    9 files with genotypes
Dropped 0 isolates with any intermediate AFs. Remainder are binary
    Up to 5.09% of variants per isolate and 1.23% of isolates per variant have missing data
    Dropped 14/5027 isolates with >1% missingness
    Dropped 0/2399 variants with >25% missingness
    Dropped 78 isolates with any remaining missingness
    Kept 4935 isolates and 2399 genetic variants
Fitting regression with population structure correction with 5 principal components
Min MAF: 0.01, Max MAF: 0.5
Explained variance ratios of 5 principal components: [0.46065438 0.31405511 0.19547643 0.00944749 0.00750313]
    4935 samples and 2404 variables in the model
    Regularization parameter: 0.01

Saving results to /n/data1/hms/dbmi/farhat/ye12/who/analysis/Clofazimine/tiers=1+2/phenos=WHO/dropAF_noSyn_poolLOF
    9 files with genotypes
Pooling LOF mutations
Dropped 0 isolates with any intermediate AFs. Remainder are binary
    Up to 5.7% of variants per isolate and 1.17% of isolates per variant have missing data
    Dropped 14/5027 isolates with >1% missingness
    Dropped 0/1352 variants with >25% missingness
    Dropped 70 isolates with any remaining missingness
    Kept 4943 isolates and 1352 genetic variants
Fitting regression with population structure correction with 5 principal components
Min MAF: 0.01, Max MAF: 0.5
Explained variance ratios of 5 principal components: [0.46085638 0.3137316  0.19562322 0.00943366 0.00752056]
    4943 samples and 1357 variables in the model
    Regularization parameter: 0.01

Saving results to /n/data1/hms/dbmi/farhat/ye12/who/analysis/Clofazimine/tiers=1+2/phenos=WHO/dropAF_withSyn_poolLOF
    9 files with genotypes
Pooling LOF mutations
Dropped 0 isolates with any intermediate AFs. Remainder are binary
    Up to 4.92% of variants per isolate and 1.23% of isolates per variant have missing data
    Dropped 14/5027 isolates with >1% missingness
    Dropped 0/2275 variants with >25% missingness
    Dropped 74 isolates with any remaining missingness
    Kept 4939 isolates and 2275 genetic variants
Fitting regression with population structure correction with 5 principal components
Min MAF: 0.01, Max MAF: 0.5
Explained variance ratios of 5 principal components: [0.4609475  0.3138031  0.19546196 0.00943792 0.00749561]
    4939 samples and 2280 variables in the model
    Regularization parameter: 0.01

Saving results to /n/data1/hms/dbmi/farhat/ye12/who/analysis/Clofazimine/tiers=1/phenos=ALL/dropAF_noSyn
    5 files with genotypes
Dropped 0 isolates with any intermediate AFs. Remainder are binary
    Up to 23.52% of variants per isolate and 0.15% of isolates per variant have missing data
    Dropped 17/14904 isolates with >1% missingness
    Dropped 0/880 variants with >25% missingness
    Dropped 32 isolates with any remaining missingness
    Kept 14855 isolates and 880 genetic variants
Fitting regression with population structure correction with 5 principal components
Min MAF: 0.01, Max MAF: 0.5
Explained variance ratios of 5 principal components: [0.60663124 0.20455759 0.12334604 0.03430951 0.01221884]
    14855 samples and 885 variables in the model
    Regularization parameter: 0.001

Saving results to /n/data1/hms/dbmi/farhat/ye12/who/analysis/Clofazimine/tiers=1/phenos=ALL/dropAF_withSyn
    5 files with genotypes
Dropped 0 isolates with any intermediate AFs. Remainder are binary
    Up to 22.05% of variants per isolate and 0.15% of isolates per variant have missing data
    Dropped 17/14904 isolates with >1% missingness
    Dropped 0/1202 variants with >25% missingness
    Dropped 36 isolates with any remaining missingness
    Kept 14851 isolates and 1202 genetic variants
Fitting regression with population structure correction with 5 principal components
Min MAF: 0.01, Max MAF: 0.5
Explained variance ratios of 5 principal components: [0.60665681 0.20455878 0.12330859 0.03431454 0.0122193 ]
    14851 samples and 1207 variables in the model
    Regularization parameter: 0.001

Saving results to /n/data1/hms/dbmi/farhat/ye12/who/analysis/Clofazimine/tiers=1/phenos=ALL/dropAF_noSyn_poolLOF
    5 files with genotypes
Pooling LOF mutations
Dropped 0 isolates with any intermediate AFs. Remainder are binary
    Up to 24.12% of variants per isolate and 0.09% of isolates per variant have missing data
    Dropped 17/14904 isolates with >1% missingness
    Dropped 0/767 variants with >25% missingness
    Dropped 21 isolates with any remaining missingness
    Kept 14866 isolates and 767 genetic variants
Fitting regression with population structure correction with 5 principal components
Min MAF: 0.01, Max MAF: 0.5
Explained variance ratios of 5 principal components: [0.60668827 0.2045907  0.12331904 0.03427426 0.01220633]
    14866 samples and 772 variables in the model
    Regularization parameter: 0.001

Saving results to /n/data1/hms/dbmi/farhat/ye12/who/analysis/Clofazimine/tiers=1/phenos=ALL/dropAF_withSyn_poolLOF
    5 files with genotypes
Pooling LOF mutations
Dropped 0 isolates with any intermediate AFs. Remainder are binary
    Up to 22.31% of variants per isolate and 0.09% of isolates per variant have missing data
    Dropped 17/14904 isolates with >1% missingness
    Dropped 0/1089 variants with >25% missingness
    Dropped 26 isolates with any remaining missingness
    Kept 14861 isolates and 1089 genetic variants
Fitting regression with population structure correction with 5 principal components
Min MAF: 0.01, Max MAF: 0.5
Explained variance ratios of 5 principal components: [0.60671074 0.20458396 0.12328952 0.03428115 0.01220692]
    14861 samples and 1094 variables in the model
    Regularization parameter: 0.001

Saving results to /n/data1/hms/dbmi/farhat/ye12/who/analysis/Clofazimine/tiers=1+2/phenos=ALL/dropAF_noSyn
    9 files with genotypes
Dropped 0 isolates with any intermediate AFs. Remainder are binary
    Up to 14.02% of variants per isolate and 0.89% of isolates per variant have missing data
    Dropped 16/14904 isolates with >1% missingness
    Dropped 0/1476 variants with >25% missingness
    Dropped 239 isolates with any remaining missingness
    Kept 14649 isolates and 1476 genetic variants
Fitting regression with population structure correction with 5 principal components
Min MAF: 0.01, Max MAF: 0.5
Explained variance ratios of 5 principal components: [0.60975138 0.20231032 0.1224712  0.03439176 0.01209941]
    14649 samples and 1481 variables in the model
    Regularization parameter: 0.001

Saving results to /n/data1/hms/dbmi/farhat/ye12/who/analysis/Clofazimine/tiers=1+2/phenos=ALL/dropAF_withSyn
    9 files with genotypes
Dropped 0 isolates with any intermediate AFs. Remainder are binary
    Up to 11.05% of variants per isolate and 0.89% of isolates per variant have missing data
    Dropped 16/14904 isolates with >1% missingness
    Dropped 0/2399 variants with >25% missingness
    Dropped 274 isolates with any remaining missingness
    Kept 14614 isolates and 2399 genetic variants
Fitting regression with population structure correction with 5 principal components
Min MAF: 0.01, Max MAF: 0.5
Explained variance ratios of 5 principal components: [0.61014594 0.20202613 0.12228306 0.0344876  0.01207435]
    14614 samples and 2404 variables in the model
    Regularization parameter: 0.001

Saving results to /n/data1/hms/dbmi/farhat/ye12/who/analysis/Clofazimine/tiers=1+2/phenos=ALL/dropAF_noSyn_poolLOF
    9 files with genotypes
Pooling LOF mutations
Dropped 0 isolates with any intermediate AFs. Remainder are binary
    Up to 13.68% of variants per isolate and 0.4% of isolates per variant have missing data
    Dropped 16/14904 isolates with >1% missingness
    Dropped 0/1352 variants with >25% missingness
    Dropped 98 isolates with any remaining missingness
    Kept 14790 isolates and 1352 genetic variants
Fitting regression with population structure correction with 5 principal components
Min MAF: 0.01, Max MAF: 0.5
Explained variance ratios of 5 principal components: [0.6062025  0.20498164 0.1238108  0.03405092 0.01205638]
    14790 samples and 1357 variables in the model
    Regularization parameter: 0.001

Saving results to /n/data1/hms/dbmi/farhat/ye12/who/analysis/Clofazimine/tiers=1+2/phenos=ALL/dropAF_withSyn_poolLOF
    9 files with genotypes
Pooling LOF mutations
Dropped 0 isolates with any intermediate AFs. Remainder are binary
    Up to 10.68% of variants per isolate and 0.88% of isolates per variant have missing data
    Dropped 16/14904 isolates with >1% missingness
    Dropped 0/2275 variants with >25% missingness
    Dropped 240 isolates with any remaining missingness
    Kept 14648 isolates and 2275 genetic variants
Fitting regression with population structure correction with 5 principal components
Min MAF: 0.01, Max MAF: 0.5
Explained variance ratios of 5 principal components: [0.60922261 0.20265721 0.12268324 0.03442031 0.01205241]
    14648 samples and 2280 variables in the model
    Regularization parameter: 0.001
