Saving results to /n/data1/hms/dbmi/farhat/ye12/who/analysis/Kanamycin/tiers=1/phenos=WHO/dropAF_noSyn
    3 files with genotypes
Dropped 0 isolates with any intermediate AFs. Remainder are binary
    Up to 59.66% of variants per isolate and 1.45% of isolates per variant have missing data
    Dropped 198/8014 isolates with >1% missingness
    Dropped 0/1423 variants with >25% missingness
    Dropped 32 isolates with any remaining missingness
    Kept 7784 isolates and 1423 genetic variants
Fitting regression with population structure correction with 5 principal components
Min MAF: 0.01, Max MAF: 0.5
Explained variance ratios of 5 principal components: [0.74444953 0.11303066 0.05357238 0.0378438  0.022031  ]
    7784 samples and 1428 variables in the model
    Regularization parameter: 0.01

Saving results to /n/data1/hms/dbmi/farhat/ye12/who/analysis/Kanamycin/tiers=1/phenos=WHO/dropAF_withSyn
    3 files with genotypes
Dropped 0 isolates with any intermediate AFs. Remainder are binary
    Up to 56.52% of variants per isolate and 1.45% of isolates per variant have missing data
    Dropped 198/8014 isolates with >1% missingness
    Dropped 0/1502 variants with >25% missingness
    Dropped 32 isolates with any remaining missingness
    Kept 7784 isolates and 1502 genetic variants
Fitting regression with population structure correction with 5 principal components
Min MAF: 0.01, Max MAF: 0.5
Explained variance ratios of 5 principal components: [0.74444953 0.11303066 0.05357238 0.0378438  0.022031  ]
    7784 samples and 1507 variables in the model
    Regularization parameter: 0.01

Saving results to /n/data1/hms/dbmi/farhat/ye12/who/analysis/Kanamycin/tiers=1/phenos=WHO/dropAF_noSyn_poolLOF
    3 files with genotypes
Pooling LOF mutations
Dropped 0 isolates with any intermediate AFs. Remainder are binary
    Up to 61.43% of variants per isolate and 1.45% of isolates per variant have missing data
    Dropped 198/8014 isolates with >1% missingness
    Dropped 0/1382 variants with >25% missingness
    Dropped 31 isolates with any remaining missingness
    Kept 7785 isolates and 1382 genetic variants
Fitting regression with population structure correction with 5 principal components
Min MAF: 0.01, Max MAF: 0.5
Explained variance ratios of 5 principal components: [0.74448783 0.11301898 0.05356522 0.03783545 0.02202601]
    7785 samples and 1387 variables in the model
    Regularization parameter: 0.01

Saving results to /n/data1/hms/dbmi/farhat/ye12/who/analysis/Kanamycin/tiers=1/phenos=WHO/dropAF_withSyn_poolLOF
    3 files with genotypes
Pooling LOF mutations
Dropped 0 isolates with any intermediate AFs. Remainder are binary
    Up to 58.11% of variants per isolate and 1.45% of isolates per variant have missing data
    Dropped 198/8014 isolates with >1% missingness
    Dropped 0/1461 variants with >25% missingness
    Dropped 31 isolates with any remaining missingness
    Kept 7785 isolates and 1461 genetic variants
Fitting regression with population structure correction with 5 principal components
Min MAF: 0.01, Max MAF: 0.5
Explained variance ratios of 5 principal components: [0.74448783 0.11301898 0.05356522 0.03783545 0.02202601]
    7785 samples and 1466 variables in the model
    Regularization parameter: 0.01

Saving results to /n/data1/hms/dbmi/farhat/ye12/who/analysis/Kanamycin/tiers=1+2/phenos=WHO/dropAF_noSyn
    7 files with genotypes
Dropped 0 isolates with any intermediate AFs. Remainder are binary
    Up to 35.73% of variants per isolate and 17.88% of isolates per variant have missing data
    Dropped 200/8014 isolates with >1% missingness
    Dropped 0/2404 variants with >25% missingness
    Dropped 1250 isolates with any remaining missingness
    Kept 6564 isolates and 2404 genetic variants
Fitting regression with population structure correction with 5 principal components
Min MAF: 0.01, Max MAF: 0.5
Explained variance ratios of 5 principal components: [0.7540324  0.10965417 0.05139385 0.03975275 0.02230594]
    6564 samples and 2409 variables in the model
    Regularization parameter: 0.01

Saving results to /n/data1/hms/dbmi/farhat/ye12/who/analysis/Kanamycin/tiers=1+2/phenos=WHO/dropAF_withSyn
    7 files with genotypes
Dropped 0 isolates with any intermediate AFs. Remainder are binary
    Up to 27.89% of variants per isolate and 17.88% of isolates per variant have missing data
    Dropped 194/8014 isolates with >1% missingness
    Dropped 0/3080 variants with >25% missingness
    Dropped 1256 isolates with any remaining missingness
    Kept 6564 isolates and 3080 genetic variants
Fitting regression with population structure correction with 5 principal components
Min MAF: 0.01, Max MAF: 0.5
Explained variance ratios of 5 principal components: [0.7540324  0.10965417 0.05139385 0.03975275 0.02230594]
    6564 samples and 3085 variables in the model
    Regularization parameter: 0.01

Saving results to /n/data1/hms/dbmi/farhat/ye12/who/analysis/Kanamycin/tiers=1+2/phenos=WHO/dropAF_noSyn_poolLOF
    7 files with genotypes
Pooling LOF mutations
Dropped 0 isolates with any intermediate AFs. Remainder are binary
    Up to 37.82% of variants per isolate and 17.88% of isolates per variant have missing data
    Dropped 200/8014 isolates with >1% missingness
    Dropped 0/2271 variants with >25% missingness
    Dropped 1250 isolates with any remaining missingness
    Kept 6564 isolates and 2271 genetic variants
Fitting regression with population structure correction with 5 principal components
Min MAF: 0.01, Max MAF: 0.5
Explained variance ratios of 5 principal components: [0.7540324  0.10965417 0.05139385 0.03975275 0.02230594]
    6564 samples and 2276 variables in the model
    Regularization parameter: 0.01

Saving results to /n/data1/hms/dbmi/farhat/ye12/who/analysis/Kanamycin/tiers=1+2/phenos=WHO/dropAF_withSyn_poolLOF
    7 files with genotypes
Pooling LOF mutations
Dropped 0 isolates with any intermediate AFs. Remainder are binary
    Up to 29.15% of variants per isolate and 17.88% of isolates per variant have missing data
    Dropped 196/8014 isolates with >1% missingness
    Dropped 0/2947 variants with >25% missingness
    Dropped 1254 isolates with any remaining missingness
    Kept 6564 isolates and 2947 genetic variants
Fitting regression with population structure correction with 5 principal components
Min MAF: 0.01, Max MAF: 0.5
Explained variance ratios of 5 principal components: [0.7540324  0.10965417 0.05139385 0.03975275 0.02230594]
    6564 samples and 2952 variables in the model
    Regularization parameter: 0.01

Saving results to /n/data1/hms/dbmi/farhat/ye12/who/analysis/Kanamycin/tiers=1/phenos=ALL/dropAF_noSyn
    3 files with genotypes
Dropped 0 isolates with any intermediate AFs. Remainder are binary
    Up to 63.46% of variants per isolate and 1.14% of isolates per variant have missing data
    Dropped 555/24582 isolates with >1% missingness
    Dropped 0/1423 variants with >25% missingness
    Dropped 133 isolates with any remaining missingness
    Kept 23894 isolates and 1423 genetic variants
Fitting regression with population structure correction with 5 principal components
Min MAF: 0.01, Max MAF: 0.5
Explained variance ratios of 5 principal components: [0.66716088 0.16491308 0.09060083 0.0396968  0.01573166]
    23894 samples and 1428 variables in the model
    Regularization parameter: 0.01

Saving results to /n/data1/hms/dbmi/farhat/ye12/who/analysis/Kanamycin/tiers=1/phenos=ALL/dropAF_withSyn
    3 files with genotypes
Dropped 0 isolates with any intermediate AFs. Remainder are binary
    Up to 60.12% of variants per isolate and 1.14% of isolates per variant have missing data
    Dropped 549/24582 isolates with >1% missingness
    Dropped 0/1502 variants with >25% missingness
    Dropped 139 isolates with any remaining missingness
    Kept 23894 isolates and 1502 genetic variants
Fitting regression with population structure correction with 5 principal components
Min MAF: 0.01, Max MAF: 0.5
Explained variance ratios of 5 principal components: [0.66716088 0.16491308 0.09060083 0.0396968  0.01573166]
    23894 samples and 1507 variables in the model
    Regularization parameter: 0.01

Saving results to /n/data1/hms/dbmi/farhat/ye12/who/analysis/Kanamycin/tiers=1/phenos=ALL/dropAF_noSyn_poolLOF
    3 files with genotypes
Pooling LOF mutations
Dropped 0 isolates with any intermediate AFs. Remainder are binary
    Up to 65.34% of variants per isolate and 1.14% of isolates per variant have missing data
    Dropped 559/24582 isolates with >1% missingness
    Dropped 0/1382 variants with >25% missingness
    Dropped 127 isolates with any remaining missingness
    Kept 23896 isolates and 1382 genetic variants
Fitting regression with population structure correction with 5 principal components
Min MAF: 0.01, Max MAF: 0.5
Explained variance ratios of 5 principal components: [0.66718137 0.16490301 0.09059265 0.03969213 0.01573023]
    23896 samples and 1387 variables in the model
    Regularization parameter: 0.01

Saving results to /n/data1/hms/dbmi/farhat/ye12/who/analysis/Kanamycin/tiers=1/phenos=ALL/dropAF_withSyn_poolLOF
    3 files with genotypes
Pooling LOF mutations
Dropped 0 isolates with any intermediate AFs. Remainder are binary
    Up to 61.81% of variants per isolate and 1.14% of isolates per variant have missing data
    Dropped 555/24582 isolates with >1% missingness
    Dropped 0/1461 variants with >25% missingness
    Dropped 131 isolates with any remaining missingness
    Kept 23896 isolates and 1461 genetic variants
Fitting regression with population structure correction with 5 principal components
Min MAF: 0.01, Max MAF: 0.5
Explained variance ratios of 5 principal components: [0.66718137 0.16490301 0.09059265 0.03969213 0.01573023]
    23896 samples and 1466 variables in the model
    Regularization parameter: 0.01

Saving results to /n/data1/hms/dbmi/farhat/ye12/who/analysis/Kanamycin/tiers=1+2/phenos=ALL/dropAF_noSyn
    7 files with genotypes
Dropped 0 isolates with any intermediate AFs. Remainder are binary
    Up to 37.98% of variants per isolate and 18.88% of isolates per variant have missing data
    Dropped 567/24582 isolates with >1% missingness
    Dropped 0/2404 variants with >25% missingness
    Dropped 4105 isolates with any remaining missingness
    Kept 19910 isolates and 2404 genetic variants
Fitting regression with population structure correction with 5 principal components
Min MAF: 0.01, Max MAF: 0.5
Explained variance ratios of 5 principal components: [0.68707724 0.15251497 0.08070595 0.04296054 0.01631085]
    19910 samples and 2409 variables in the model
    Regularization parameter: 0.01

Saving results to /n/data1/hms/dbmi/farhat/ye12/who/analysis/Kanamycin/tiers=1+2/phenos=ALL/dropAF_withSyn
    7 files with genotypes
Dropped 0 isolates with any intermediate AFs. Remainder are binary
    Up to 29.64% of variants per isolate and 18.88% of isolates per variant have missing data
    Dropped 535/24582 isolates with >1% missingness
    Dropped 0/3080 variants with >25% missingness
    Dropped 4137 isolates with any remaining missingness
    Kept 19910 isolates and 3080 genetic variants
Fitting regression with population structure correction with 5 principal components
Min MAF: 0.01, Max MAF: 0.5
Explained variance ratios of 5 principal components: [0.68707724 0.15251497 0.08070595 0.04296054 0.01631085]
    19910 samples and 3085 variables in the model
    Regularization parameter: 0.01

Saving results to /n/data1/hms/dbmi/farhat/ye12/who/analysis/Kanamycin/tiers=1+2/phenos=ALL/dropAF_noSyn_poolLOF
    7 files with genotypes
Pooling LOF mutations
Dropped 0 isolates with any intermediate AFs. Remainder are binary
    Up to 40.2% of variants per isolate and 18.88% of isolates per variant have missing data
    Dropped 576/24582 isolates with >1% missingness
    Dropped 0/2271 variants with >25% missingness
    Dropped 4096 isolates with any remaining missingness
    Kept 19910 isolates and 2271 genetic variants
Fitting regression with population structure correction with 5 principal components
Min MAF: 0.01, Max MAF: 0.5
Explained variance ratios of 5 principal components: [0.68707724 0.15251497 0.08070595 0.04296054 0.01631085]
    19910 samples and 2276 variables in the model
    Regularization parameter: 0.01

Saving results to /n/data1/hms/dbmi/farhat/ye12/who/analysis/Kanamycin/tiers=1+2/phenos=ALL/dropAF_withSyn_poolLOF
    7 files with genotypes
Pooling LOF mutations
Dropped 0 isolates with any intermediate AFs. Remainder are binary
    Up to 30.98% of variants per isolate and 18.88% of isolates per variant have missing data
    Dropped 539/24582 isolates with >1% missingness
    Dropped 0/2947 variants with >25% missingness
    Dropped 4133 isolates with any remaining missingness
    Kept 19910 isolates and 2947 genetic variants
Fitting regression with population structure correction with 5 principal components
Min MAF: 0.01, Max MAF: 0.5
Explained variance ratios of 5 principal components: [0.68707724 0.15251497 0.08070595 0.04296054 0.01631085]
    19910 samples and 2952 variables in the model
    Regularization parameter: 0.01
