Saving results to /n/data1/hms/dbmi/farhat/ye12/who/analysis/Levofloxacin/tiers=1/phenos=WHO/dropAF_noSyn
    2 files with genotypes
Dropped 0 isolates with any intermediate AFs. Remainder are binary
    Up to 0.32% of variants per isolate and 0.02% of isolates per variant have missing data
    Dropped 0/12441 isolates with >1% missingness
    Dropped 0/939 variants with >25% missingness
    Dropped 7 isolates with any remaining missingness
    Kept 12434 isolates and 939 genetic variants
Fitting regression with population structure correction with 5 principal components
Min MAF: 0.01, Max MAF: 0.5
Explained variance ratios of 5 principal components: [0.72074174 0.1296246  0.06292066 0.03432656 0.02216745]
    12434 samples and 944 variables in the model
    Regularization parameter: 0.1

Saving results to /n/data1/hms/dbmi/farhat/ye12/who/analysis/Levofloxacin/tiers=1/phenos=WHO/dropAF_withSyn
    2 files with genotypes
Dropped 0 isolates with any intermediate AFs. Remainder are binary
    Up to 0.2% of variants per isolate and 0.02% of isolates per variant have missing data
    Dropped 0/12441 isolates with >1% missingness
    Dropped 0/2031 variants with >25% missingness
    Dropped 9 isolates with any remaining missingness
    Kept 12432 isolates and 2031 genetic variants
Fitting regression with population structure correction with 5 principal components
Min MAF: 0.01, Max MAF: 0.5
Explained variance ratios of 5 principal components: [0.72083785 0.12953578 0.06289407 0.03433239 0.0221737 ]
    12432 samples and 2036 variables in the model
    Regularization parameter: 0.01

Saving results to /n/data1/hms/dbmi/farhat/ye12/who/analysis/Levofloxacin/tiers=1/phenos=WHO/dropAF_noSyn_poolLOF
    2 files with genotypes
There are no samples with multiple LOF mutations in the same gene
No model for this analysis
No model for this analysis

Saving results to /n/data1/hms/dbmi/farhat/ye12/who/analysis/Levofloxacin/tiers=1/phenos=WHO/dropAF_withSyn_poolLOF
    2 files with genotypes
There are no samples with multiple LOF mutations in the same gene
No model for this analysis
No model for this analysis

Saving results to /n/data1/hms/dbmi/farhat/ye12/who/analysis/Levofloxacin/tiers=1+2/phenos=WHO/dropAF_noSyn
    6 files with genotypes
Dropped 0 isolates with any intermediate AFs. Remainder are binary
    Up to 2.76% of variants per isolate and 2.62% of isolates per variant have missing data
    Dropped 23/12441 isolates with >1% missingness
    Dropped 0/2429 variants with >25% missingness
    Dropped 412 isolates with any remaining missingness
    Kept 12006 isolates and 2429 genetic variants
Fitting regression with population structure correction with 5 principal components
Min MAF: 0.01, Max MAF: 0.5
Explained variance ratios of 5 principal components: [0.72154369 0.12903619 0.06263646 0.03417157 0.0222093 ]
    12006 samples and 2434 variables in the model
    Regularization parameter: 0.01

Saving results to /n/data1/hms/dbmi/farhat/ye12/who/analysis/Levofloxacin/tiers=1+2/phenos=WHO/dropAF_withSyn
    6 files with genotypes
Dropped 0 isolates with any intermediate AFs. Remainder are binary
    Up to 2.62% of isolates per variant and 2.32% of variants per isolate have missing data
    Dropped 0/4393 variants with >25% missingness
    Dropped 8/12441 isolates with >1% missingness
    Dropped 439 isolates with any remaining missingness
    Kept 11994 isolates and 4393 genetic variants
Fitting regression with population structure correction with 5 principal components
Min MAF: 0.01, Max MAF: 0.5
Explained variance ratios of 5 principal components: [0.72172111 0.12893775 0.06254628 0.03418957 0.02219654]
    11994 samples and 4398 variables in the model
    Regularization parameter: 0.01

Saving results to /n/data1/hms/dbmi/farhat/ye12/who/analysis/Levofloxacin/tiers=1+2/phenos=WHO/dropAF_noSyn_poolLOF
    6 files with genotypes
Pooling LOF mutations
Dropped 0 isolates with any intermediate AFs. Remainder are binary
    Up to 2.64% of variants per isolate and 2.62% of isolates per variant have missing data
    Dropped 23/12441 isolates with >1% missingness
    Dropped 0/2271 variants with >25% missingness
    Dropped 409 isolates with any remaining missingness
    Kept 12009 isolates and 2271 genetic variants
Fitting regression with population structure correction with 5 principal components
Min MAF: 0.01, Max MAF: 0.5
Explained variance ratios of 5 principal components: [0.72150873 0.12905814 0.06268062 0.03415853 0.02220063]
    12009 samples and 2276 variables in the model
    Regularization parameter: 0.01

Saving results to /n/data1/hms/dbmi/farhat/ye12/who/analysis/Levofloxacin/tiers=1+2/phenos=WHO/dropAF_withSyn_poolLOF
    6 files with genotypes
Pooling LOF mutations
Dropped 0 isolates with any intermediate AFs. Remainder are binary
    Up to 2.62% of isolates per variant and 2.24% of variants per isolate have missing data
    Dropped 0/4235 variants with >25% missingness
    Dropped 8/12441 isolates with >1% missingness
    Dropped 439 isolates with any remaining missingness
    Kept 11994 isolates and 4235 genetic variants
Fitting regression with population structure correction with 5 principal components
Min MAF: 0.01, Max MAF: 0.5
Explained variance ratios of 5 principal components: [0.72172111 0.12893775 0.06254628 0.03418957 0.02219654]
    11994 samples and 4240 variables in the model
    Regularization parameter: 0.01

Saving results to /n/data1/hms/dbmi/farhat/ye12/who/analysis/Levofloxacin/tiers=1/phenos=ALL/dropAF_noSyn
    2 files with genotypes
Dropped 0 isolates with any intermediate AFs. Remainder are binary
    Up to 1.28% of variants per isolate and 0.01% of isolates per variant have missing data
    Dropped 3/27576 isolates with >1% missingness
    Dropped 0/939 variants with >25% missingness
    Dropped 12 isolates with any remaining missingness
    Kept 27561 isolates and 939 genetic variants
Fitting regression with population structure correction with 5 principal components
Min MAF: 0.01, Max MAF: 0.5
Explained variance ratios of 5 principal components: [0.66514741 0.16677852 0.09198519 0.03348177 0.01523175]
    27561 samples and 944 variables in the model
    Regularization parameter: 0.01

Saving results to /n/data1/hms/dbmi/farhat/ye12/who/analysis/Levofloxacin/tiers=1/phenos=ALL/dropAF_withSyn
    2 files with genotypes
Dropped 0 isolates with any intermediate AFs. Remainder are binary
    Up to 1.48% of variants per isolate and 0.01% of isolates per variant have missing data
    Dropped 2/27576 isolates with >1% missingness
    Dropped 0/2031 variants with >25% missingness
    Dropped 15 isolates with any remaining missingness
    Kept 27559 isolates and 2031 genetic variants
Fitting regression with population structure correction with 5 principal components
Min MAF: 0.01, Max MAF: 0.5
Explained variance ratios of 5 principal components: [0.66518395 0.1667515  0.09196798 0.03348518 0.01523331]
    27559 samples and 2036 variables in the model
    Regularization parameter: 0.01

Saving results to /n/data1/hms/dbmi/farhat/ye12/who/analysis/Levofloxacin/tiers=1/phenos=ALL/dropAF_noSyn_poolLOF
    2 files with genotypes
There are no samples with multiple LOF mutations in the same gene
No model for this analysis
No model for this analysis

Saving results to /n/data1/hms/dbmi/farhat/ye12/who/analysis/Levofloxacin/tiers=1/phenos=ALL/dropAF_withSyn_poolLOF
    2 files with genotypes
There are no samples with multiple LOF mutations in the same gene
No model for this analysis
No model for this analysis

Saving results to /n/data1/hms/dbmi/farhat/ye12/who/analysis/Levofloxacin/tiers=1+2/phenos=ALL/dropAF_noSyn
    6 files with genotypes
Dropped 0 isolates with any intermediate AFs. Remainder are binary
    Up to 2.76% of variants per isolate and 2.72% of isolates per variant have missing data
    Dropped 57/27576 isolates with >1% missingness
    Dropped 0/2429 variants with >25% missingness
    Dropped 919 isolates with any remaining missingness
    Kept 26600 isolates and 2429 genetic variants
Fitting regression with population structure correction with 5 principal components
Min MAF: 0.01, Max MAF: 0.5
Explained variance ratios of 5 principal components: [0.66951943 0.16348884 0.08947173 0.03445494 0.01547346]
    26600 samples and 2434 variables in the model
    Regularization parameter: 0.01

Saving results to /n/data1/hms/dbmi/farhat/ye12/who/analysis/Levofloxacin/tiers=1+2/phenos=ALL/dropAF_withSyn
    6 files with genotypes
Dropped 0 isolates with any intermediate AFs. Remainder are binary
    Up to 2.72% of isolates per variant and 2.32% of variants per isolate have missing data
    Dropped 0/4393 variants with >25% missingness
    Dropped 18/27576 isolates with >1% missingness
    Dropped 980 isolates with any remaining missingness
    Kept 26578 isolates and 4393 genetic variants
Fitting regression with population structure correction with 5 principal components
Min MAF: 0.01, Max MAF: 0.5
Explained variance ratios of 5 principal components: [0.66963717 0.16342012 0.08941002 0.03444679 0.01547846]
    26578 samples and 4398 variables in the model
    Regularization parameter: 0.01

Saving results to /n/data1/hms/dbmi/farhat/ye12/who/analysis/Levofloxacin/tiers=1+2/phenos=ALL/dropAF_noSyn_poolLOF
    6 files with genotypes
Pooling LOF mutations
Dropped 0 isolates with any intermediate AFs. Remainder are binary
    Up to 2.72% of isolates per variant and 2.64% of variants per isolate have missing data
    Dropped 0/2271 variants with >25% missingness
    Dropped 57/27576 isolates with >1% missingness
    Dropped 914 isolates with any remaining missingness
    Kept 26605 isolates and 2271 genetic variants
Fitting regression with population structure correction with 5 principal components
Min MAF: 0.01, Max MAF: 0.5
Explained variance ratios of 5 principal components: [0.66953327 0.16349259 0.08947594 0.0344448  0.01546883]
    26605 samples and 2276 variables in the model
    Regularization parameter: 0.01

Saving results to /n/data1/hms/dbmi/farhat/ye12/who/analysis/Levofloxacin/tiers=1+2/phenos=ALL/dropAF_withSyn_poolLOF
    6 files with genotypes
Pooling LOF mutations
Dropped 0 isolates with any intermediate AFs. Remainder are binary
    Up to 2.72% of isolates per variant and 2.24% of variants per isolate have missing data
    Dropped 0/4235 variants with >25% missingness
    Dropped 18/27576 isolates with >1% missingness
    Dropped 980 isolates with any remaining missingness
    Kept 26578 isolates and 4235 genetic variants
Fitting regression with population structure correction with 5 principal components
Min MAF: 0.01, Max MAF: 0.5
Explained variance ratios of 5 principal components: [0.66963717 0.16342012 0.08941002 0.03444679 0.01547846]
    26578 samples and 4240 variables in the model
    Regularization parameter: 0.01
