Saving results to /n/data1/hms/dbmi/farhat/ye12/who/analysis/Linezolid/tiers=1/phenos=WHO/dropAF_noSyn
Phenotypic categoryies: ['CC-ATU' 'ALL' 'CC' 'WHO']
    2 files with genotypes
Dropped 0 isolates with any intermediate AFs. Remainder are binary
    Up to 86.98% of variants per isolate and 5.67% of isolates per variant have missing data
    Dropped 755/6825 isolates with >1% missingness
    Dropped 0/1160 variants with >25% missingness
    Dropped 148 isolates with any remaining missingness
    Kept 5922 isolates and 1160 genetic variants
Fitting regression with population structure correction with 5 principal components
Min MAF: 0.01, Max MAF: 0.5
Explained variance ratios of 5 principal components: [0.52300393 0.25901439 0.17813461 0.01374681 0.0087512 ]
    5922 samples and 1165 variables in the model
    Regularization parameter: 0.01

Saving results to /n/data1/hms/dbmi/farhat/ye12/who/analysis/Linezolid/tiers=1/phenos=WHO/dropAF_withSyn
    2 files with genotypes
Dropped 0 isolates with any intermediate AFs. Remainder are binary
    Up to 81.83% of variants per isolate and 5.67% of isolates per variant have missing data
    Dropped 749/6825 isolates with >1% missingness
    Dropped 0/1233 variants with >25% missingness
    Dropped 154 isolates with any remaining missingness
    Kept 5922 isolates and 1233 genetic variants
Fitting regression with population structure correction with 5 principal components
Min MAF: 0.01, Max MAF: 0.5
Explained variance ratios of 5 principal components: [0.52300393 0.25901439 0.17813461 0.01374681 0.0087512 ]
    5922 samples and 1238 variables in the model
    Regularization parameter: 0.01

Saving results to /n/data1/hms/dbmi/farhat/ye12/who/analysis/Linezolid/tiers=1/phenos=WHO/dropAF_noSyn_poolLOF
    2 files with genotypes
There are no samples with multiple LOF mutations in the same gene
No model for this analysis
No model for this analysis

Saving results to /n/data1/hms/dbmi/farhat/ye12/who/analysis/Linezolid/tiers=1/phenos=WHO/dropAF_withSyn_poolLOF
    2 files with genotypes
There are no samples with multiple LOF mutations in the same gene
No model for this analysis
No model for this analysis

Saving results to /n/data1/hms/dbmi/farhat/ye12/who/analysis/Linezolid/tiers=1+2/phenos=WHO/dropAF_noSyn
    3 files with genotypes
Dropped 0 isolates with any intermediate AFs. Remainder are binary
    Up to 80.21% of variants per isolate and 5.67% of isolates per variant have missing data
    Dropped 749/6825 isolates with >1% missingness
    Dropped 0/1258 variants with >25% missingness
    Dropped 154 isolates with any remaining missingness
    Kept 5922 isolates and 1258 genetic variants
Fitting regression with population structure correction with 5 principal components
Min MAF: 0.01, Max MAF: 0.5
Explained variance ratios of 5 principal components: [0.52300393 0.25901439 0.17813461 0.01374681 0.0087512 ]
    5922 samples and 1263 variables in the model
    Regularization parameter: 0.01

Saving results to /n/data1/hms/dbmi/farhat/ye12/who/analysis/Linezolid/tiers=1+2/phenos=WHO/dropAF_withSyn
    3 files with genotypes
Dropped 0 isolates with any intermediate AFs. Remainder are binary
    Up to 73.7% of variants per isolate and 5.67% of isolates per variant have missing data
    Dropped 740/6825 isolates with >1% missingness
    Dropped 0/1369 variants with >25% missingness
    Dropped 163 isolates with any remaining missingness
    Kept 5922 isolates and 1369 genetic variants
Fitting regression with population structure correction with 5 principal components
Min MAF: 0.01, Max MAF: 0.5
Explained variance ratios of 5 principal components: [0.52300393 0.25901439 0.17813461 0.01374681 0.0087512 ]
    5922 samples and 1374 variables in the model
    Regularization parameter: 0.01

Saving results to /n/data1/hms/dbmi/farhat/ye12/who/analysis/Linezolid/tiers=1+2/phenos=WHO/dropAF_noSyn_poolLOF
    3 files with genotypes
There are no samples with multiple LOF mutations in the same gene
No model for this analysis
No model for this analysis

Saving results to /n/data1/hms/dbmi/farhat/ye12/who/analysis/Linezolid/tiers=1+2/phenos=WHO/dropAF_withSyn_poolLOF
    3 files with genotypes
There are no samples with multiple LOF mutations in the same gene
No model for this analysis
No model for this analysis

Saving results to /n/data1/hms/dbmi/farhat/ye12/who/analysis/Linezolid/tiers=1/phenos=ALL/dropAF_noSyn
    2 files with genotypes
Dropped 0 isolates with any intermediate AFs. Remainder are binary
    Up to 87.59% of variants per isolate and 4.15% of isolates per variant have missing data
    Dropped 1544/18010 isolates with >1% missingness
    Dropped 0/1160 variants with >25% missingness
    Dropped 350 isolates with any remaining missingness
    Kept 16116 isolates and 1160 genetic variants
Fitting regression with population structure correction with 5 principal components
Min MAF: 0.01, Max MAF: 0.5
Explained variance ratios of 5 principal components: [0.64785912 0.17907245 0.1004927  0.03944112 0.01279291]
    16116 samples and 1165 variables in the model
    Regularization parameter: 0.001

Saving results to /n/data1/hms/dbmi/farhat/ye12/who/analysis/Linezolid/tiers=1/phenos=ALL/dropAF_withSyn
    2 files with genotypes
Dropped 0 isolates with any intermediate AFs. Remainder are binary
    Up to 82.4% of variants per isolate and 4.15% of isolates per variant have missing data
    Dropped 1526/18010 isolates with >1% missingness
    Dropped 0/1233 variants with >25% missingness
    Dropped 368 isolates with any remaining missingness
    Kept 16116 isolates and 1233 genetic variants
Fitting regression with population structure correction with 5 principal components
Min MAF: 0.01, Max MAF: 0.5
Explained variance ratios of 5 principal components: [0.64785912 0.17907245 0.1004927  0.03944112 0.01279291]
    16116 samples and 1238 variables in the model
    Regularization parameter: 0.001

Saving results to /n/data1/hms/dbmi/farhat/ye12/who/analysis/Linezolid/tiers=1/phenos=ALL/dropAF_noSyn_poolLOF
    2 files with genotypes
There are no samples with multiple LOF mutations in the same gene
No model for this analysis
No model for this analysis

Saving results to /n/data1/hms/dbmi/farhat/ye12/who/analysis/Linezolid/tiers=1/phenos=ALL/dropAF_withSyn_poolLOF
    2 files with genotypes
There are no samples with multiple LOF mutations in the same gene
No model for this analysis
No model for this analysis

Saving results to /n/data1/hms/dbmi/farhat/ye12/who/analysis/Linezolid/tiers=1+2/phenos=ALL/dropAF_noSyn
    3 files with genotypes
Dropped 0 isolates with any intermediate AFs. Remainder are binary
    Up to 80.76% of variants per isolate and 4.15% of isolates per variant have missing data
    Dropped 1526/18010 isolates with >1% missingness
    Dropped 0/1258 variants with >25% missingness
    Dropped 368 isolates with any remaining missingness
    Kept 16116 isolates and 1258 genetic variants
Fitting regression with population structure correction with 5 principal components
Min MAF: 0.01, Max MAF: 0.5
Explained variance ratios of 5 principal components: [0.64785912 0.17907245 0.1004927  0.03944112 0.01279291]
    16116 samples and 1263 variables in the model
    Regularization parameter: 0.001

Saving results to /n/data1/hms/dbmi/farhat/ye12/who/analysis/Linezolid/tiers=1+2/phenos=ALL/dropAF_withSyn
    3 files with genotypes
Dropped 0 isolates with any intermediate AFs. Remainder are binary
    Up to 74.21% of variants per isolate and 4.15% of isolates per variant have missing data
    Dropped 1508/18010 isolates with >1% missingness
    Dropped 0/1369 variants with >25% missingness
    Dropped 386 isolates with any remaining missingness
    Kept 16116 isolates and 1369 genetic variants
Fitting regression with population structure correction with 5 principal components
Min MAF: 0.01, Max MAF: 0.5
Explained variance ratios of 5 principal components: [0.64785912 0.17907245 0.1004927  0.03944112 0.01279291]
    16116 samples and 1374 variables in the model
    Regularization parameter: 0.001

Saving results to /n/data1/hms/dbmi/farhat/ye12/who/analysis/Linezolid/tiers=1+2/phenos=ALL/dropAF_noSyn_poolLOF
    3 files with genotypes
There are no samples with multiple LOF mutations in the same gene
No model for this analysis
No model for this analysis

Saving results to /n/data1/hms/dbmi/farhat/ye12/who/analysis/Linezolid/tiers=1+2/phenos=ALL/dropAF_withSyn_poolLOF
    3 files with genotypes
There are no samples with multiple LOF mutations in the same gene
No model for this analysis
No model for this analysis
